[33m[2022-08-13 14:58:04][16] Processing:[39m App\Jobs\SendEmailJob
[32m[2022-08-13 14:58:10][16] Processed: [39m App\Jobs\SendEmailJob
[33m[2022-08-13 14:58:10][17] Processing:[39m App\Jobs\SendEmailJob
[32m[2022-08-13 14:58:14][17] Processed: [39m App\Jobs\SendEmailJob
[33m[2022-08-13 15:10:37][18] Processing:[39m App\Jobs\SendEmailJob
[32m[2022-08-13 15:10:41][18] Processed: [39m App\Jobs\SendEmailJob
[33m[2022-08-13 22:00:05][19] Processing:[39m App\Jobs\SendEmailJob
[32m[2022-08-13 22:00:09][19] Processed: [39m App\Jobs\SendEmailJob
[33m[2022-08-15 09:11:38][21] Processing:[39m App\Jobs\SendEmailJob
[37;41m[2022-08-15 09:11:39][21] Failed:    [39;49m App\Jobs\SendEmailJob
[33m[2022-08-15 09:15:29][22] Processing:[39m App\Jobs\SendEmailJob
[37;41m[2022-08-15 09:15:29][22] Failed:    [39;49m App\Jobs\SendEmailJob
[33m[2022-08-15 09:19:39][23] Processing:[39m App\Jobs\SendEmailJob
[37;41m[2022-08-15 09:19:39][23] Failed:    [39;49m App\Jobs\SendEmailJob
[33m[2022-08-15 09:21:51][24] Processing:[39m App\Jobs\SendEmailJob
[37;41m[2022-08-15 09:21:51][24] Failed:    [39;49m App\Jobs\SendEmailJob
[33m[2022-08-15 09:29:59][25] Processing:[39m App\Mail\MailNotif
[32m[2022-08-15 09:30:06][25] Processed: [39m App\Mail\MailNotif
[33m[2022-08-15 09:50:53][26] Processing:[39m App\Mail\MailNotif
[32m[2022-08-15 09:50:58][26] Processed: [39m App\Mail\MailNotif
[33m[2022-08-15 10:39:09][27] Processing:[39m App\Mail\MailNotif
[32m[2022-08-15 10:39:13][27] Processed: [39m App\Mail\MailNotif
[33m[2022-08-15 10:42:34][28] Processing:[39m App\Mail\MailNotif
[32m[2022-08-15 10:42:38][28] Processed: [39m App\Mail\MailNotif
[33m[2022-08-15 11:00:36][29] Processing:[39m App\Mail\MailNotif
[32m[2022-08-15 11:00:39][29] Processed: [39m App\Mail\MailNotif
[33m[2022-08-15 11:29:10][30] Processing:[39m App\Mail\MailNotif
[32m[2022-08-15 11:29:13][30] Processed: [39m App\Mail\MailNotif
[33m[2022-08-15 12:04:45][31] Processing:[39m App\Mail\MailNotif
[32m[2022-08-15 12:04:50][31] Processed: [39m App\Mail\MailNotif
[33m[2022-08-15 13:47:32][32] Processing:[39m App\Mail\MailNotif
[32m[2022-08-15 13:47:36][32] Processed: [39m App\Mail\MailNotif
[33m[2022-08-15 13:48:18][33] Processing:[39m App\Mail\MailNotif
[32m[2022-08-15 13:48:22][33] Processed: [39m App\Mail\MailNotif
[33m[2022-08-15 13:53:59][34] Processing:[39m App\Mail\MailNotif
[32m[2022-08-15 13:54:04][34] Processed: [39m App\Mail\MailNotif
[33m[2022-08-15 13:54:25][35] Processing:[39m App\Mail\MailNotif
[32m[2022-08-15 13:54:28][35] Processed: [39m App\Mail\MailNotif
[33m[2022-09-13 20:15:45][50] Processing:[39m App\Mail\MailNotif
[32m[2022-09-13 20:15:51][50] Processed: [39m App\Mail\MailNotif
[33m[2022-09-13 20:15:51][51] Processing:[39m App\Mail\MailNotif
[32m[2022-09-13 20:15:55][51] Processed: [39m App\Mail\MailNotif
[33m[2022-09-13 20:15:55][52] Processing:[39m App\Mail\MailNotif
[32m[2022-09-13 20:15:58][52] Processed: [39m App\Mail\MailNotif
[33m[2022-09-13 20:15:58][53] Processing:[39m App\Mail\MailNotif
[32m[2022-09-13 20:16:02][53] Processed: [39m App\Mail\MailNotif
[33m[2022-09-13 20:16:02][54] Processing:[39m App\Mail\MailNotif
[32m[2022-09-13 20:16:05][54] Processed: [39m App\Mail\MailNotif
[33m[2022-09-13 20:16:05][55] Processing:[39m App\Mail\MailNotif
[32m[2022-09-13 20:16:09][55] Processed: [39m App\Mail\MailNotif
[33m[2022-09-13 20:30:37][56] Processing:[39m App\Mail\MailNotif
[32m[2022-09-13 20:30:42][56] Processed: [39m App\Mail\MailNotif
[33m[2022-09-13 20:45:59][57] Processing:[39m App\Mail\MailNotif
[32m[2022-09-13 20:46:03][57] Processed: [39m App\Mail\MailNotif
[33m[2022-09-13 21:02:31][58] Processing:[39m App\Mail\MailNotif
[32m[2022-09-13 21:02:35][58] Processed: [39m App\Mail\MailNotif
